<?xml version="1.0" encoding="UTF-8"?>
<!-- Generated by org.testng.reporters.JUnitReportReporter -->
<testsuite hostname="Admin" failures="0" tests="2" name="coverFoxTest.CoverFoxTC1" time="6.161" errors="0" timestamp="2024-08-18T01:51:04 IST" skipped="0">
  <testcase classname="coverFoxTest.CoverFoxTC1" name="validatePresenceOfSortButton" time="3.041">
    <system-out>
      <![CDATA[validatePresenceOfSortButtonTC execution started 
checking sortPlanFilterIsDisplayed]]>
    </system-out>
  </testcase> <!-- validatePresenceOfSortButton -->
  <testcase classname="coverFoxTest.CoverFoxTC1" name="validateBanners" time="3.120">
    <system-out>
      <![CDATA[validateBannersTC execution started 
getPlanNumbersFromBanners
getting getPlanNumbersFromString]]>
    </system-out>
  </testcase> <!-- validateBanners -->
  <system-out>
    <![CDATA[launching browser
waiting........
Clicking on gender button
Clicking on next button
reading data from excel
Handeling dropdown
Clicking on next button
reading data from excel
entering pin code
reading data from excel
entering moblie number
Clicking on next button
validateBannersTC execution started 
getPlanNumbersFromBanners
getting getPlanNumbersFromString
validatePresenceOfSortButtonTC execution started 
checking sortPlanFilterIsDisplayed
closing browser]]>
  </system-out>
</testsuite> <!-- coverFoxTest.CoverFoxTC1 -->
